2023-10-11 21:13:22.301513 ({'user': 964.34, 'nice': 0.0, 'system': 495.81, 'idle': 2168.9})
2023-10-11 21:13:22.301909 (0.0)
2023-10-11 21:13:22.303048 (4)
2023-10-11 21:13:22.303326 (scpufreq(current=1800, min=1800, max=1800))
2023-10-11 21:13:22.303582 (svmem(total=8589934592, available=4174127104, percent=51.4, used=4199841792, free=1316102144, active=2853355520, inactive=1665363968, wired=1346486272))
2023-10-11 21:13:55.528537 ({'user': 978.74, 'nice': 0.0, 'system': 502.82, 'idle': 2280.42})
2023-10-11 21:13:55.528889 (0.0)
2023-10-11 21:13:55.529850 (4)
2023-10-11 21:13:55.530199 (scpufreq(current=1800, min=1800, max=1800))
2023-10-11 21:13:55.530475 (svmem(total=8589934592, available=4175257600, percent=51.4, used=4198936576, free=1316057088, active=2850742272, inactive=1666318336, wired=1348194304))
2023-10-11 21:14:16.508152 ({'user': 995.15, 'nice': 0.0, 'system': 510.04, 'idle': 2340.7})
2023-10-11 21:14:16.508993 (0.0)
2023-10-11 21:14:16.509694 (4)
2023-10-11 21:14:16.511055 (scpufreq(current=1800, min=1800, max=1800))
2023-10-11 21:14:16.513284 (svmem(total=8589934592, available=4168577024, percent=51.5, used=4205514752, free=1306525696, active=2867544064, inactive=1668136960, wired=1337970688))
2023-10-11 21:15:10.649222 ({'user': 1015.71, 'nice': 0.0, 'system': 520.75, 'idle': 2526.01})
2023-10-11 21:15:10.650257 (0.0)
2023-10-11 21:15:10.651037 (4)
2023-10-11 21:15:10.651271 (scpufreq(current=1800, min=1800, max=1800))
2023-10-11 21:15:10.651745 (svmem(total=8589934592, available=4175355904, percent=51.4, used=4198744064, free=1314668544, active=2840367104, inactive=1666510848, wired=1358376960))
2023-10-11 22:18:00.497298 ({'user': 236.09, 'nice': 0.0, 'system': 108.83, 'idle': 74.16})
2023-10-11 22:18:00.499190 (100.0)
2023-10-11 22:18:00.499681 (4)
2023-10-11 22:18:00.500065 (scpufreq(current=1800, min=1800, max=1800))
2023-10-11 22:18:00.500488 (svmem(total=8589934592, available=4589891584, percent=46.6, used=3998945280, free=1763962880, active=2827390976, inactive=2101698560, wired=1171554304))
2023-10-11 22:21:02.528808 ({'user': 701.13, 'nice': 0.0, 'system': 227.88, 'idle': 218.23})
2023-10-11 22:21:02.529312 (100.0)
2023-10-11 22:21:02.530220 (4)
2023-10-11 22:21:02.530636 (scpufreq(current=1800, min=1800, max=1800))
2023-10-11 22:21:02.531243 (svmem(total=8589934592, available=4423835648, percent=48.5, used=4165050368, free=1466150912, active=2931470336, inactive=2178945024, wired=1233580032))
2023-10-11 22:21:26.831872 ({'user': 731.16, 'nice': 0.0, 'system': 237.82, 'idle': 275.47})
2023-10-11 22:21:26.832912 (0.0)
2023-10-11 22:21:26.833646 (4)
2023-10-11 22:21:26.834396 (scpufreq(current=1800, min=1800, max=1800))
2023-10-11 22:21:26.835276 (svmem(total=8589934592, available=4416303104, percent=48.6, used=4172378112, free=1457459200, active=2945052672, inactive=2179850240, wired=1227325440))
2023-10-11 22:24:10.519034 ({'user': 854.08, 'nice': 0.0, 'system': 293.34, 'idle': 751.79})
2023-10-11 22:24:10.519900 (0.0)
2023-10-11 22:24:10.521036 (4)
2023-10-11 22:24:10.521365 (scpufreq(current=1800, min=1800, max=1800))
2023-10-11 22:24:10.525776 (svmem(total=8589934592, available=4362186752, percent=49.2, used=4226359296, free=1343016960, active=2997645312, inactive=2214633472, wired=1228713984))
